2021-11-18 00:00:09,660 INFO org.springframework.orm.jpa.AbstractEntityManagerFactoryBean [SpringApplicationShutdownHook] Closing JPA EntityManagerFactory for persistence unit 'default'
2021-11-18 00:00:09,664 INFO com.zaxxer.hikari.HikariDataSource [SpringApplicationShutdownHook] HikariPool-1 - Shutdown initiated...
2021-11-18 00:00:09,670 INFO com.zaxxer.hikari.HikariDataSource [SpringApplicationShutdownHook] HikariPool-1 - Shutdown completed.
2021-11-18 00:00:19,301 INFO org.hibernate.validator.internal.util.Version [background-preinit] HV000001: Hibernate Validator 6.2.0.Final
2021-11-18 00:00:19,308 INFO org.springframework.boot.StartupInfoLogger [main] Starting Application using Java 16.0.2 on DESKTOP-MME1U5F with PID 23564 (C:\Users\HP-Note\IdeaProjects\Spring-CRUD-MySQL-MVC-demo\target\classes started by HP-Note in C:\Users\HP-Note\IdeaProjects\Spring-CRUD-MySQL-MVC-demo)
2021-11-18 00:00:19,309 INFO org.springframework.boot.SpringApplication [main] No active profile set, falling back to default profiles: default
2021-11-18 00:00:20,407 INFO org.springframework.data.repository.config.RepositoryConfigurationDelegate [main] Bootstrapping Spring Data JPA repositories in DEFAULT mode.
2021-11-18 00:00:20,784 INFO org.springframework.data.repository.config.RepositoryConfigurationDelegate [main] Finished Spring Data repository scanning in 318 ms. Found 1 JPA repository interfaces.
2021-11-18 00:00:21,907 INFO org.springframework.context.support.PostProcessorRegistrationDelegate$BeanPostProcessorChecker [main] Bean 'org.springframework.security.access.expression.method.DefaultMethodSecurityExpressionHandler@2f4c2cd4' of type [org.springframework.security.access.expression.method.DefaultMethodSecurityExpressionHandler] is not eligible for getting processed by all BeanPostProcessors (for example: not eligible for auto-proxying)
2021-11-18 00:00:21,969 INFO org.springframework.context.support.PostProcessorRegistrationDelegate$BeanPostProcessorChecker [main] Bean 'methodSecurityMetadataSource' of type [org.springframework.security.access.method.DelegatingMethodSecurityMetadataSource] is not eligible for getting processed by all BeanPostProcessors (for example: not eligible for auto-proxying)
2021-11-18 00:00:23,068 INFO org.springframework.boot.web.embedded.tomcat.TomcatWebServer [main] Tomcat initialized with port(s): 80 (http)
2021-11-18 00:00:23,096 INFO org.apache.juli.logging.DirectJDKLog [main] Initializing ProtocolHandler ["http-nio-80"]
2021-11-18 00:00:23,097 INFO org.apache.juli.logging.DirectJDKLog [main] Starting service [Tomcat]
2021-11-18 00:00:23,098 INFO org.apache.juli.logging.DirectJDKLog [main] Starting Servlet engine: [Apache Tomcat/9.0.52]
2021-11-18 00:00:23,604 INFO org.apache.juli.logging.DirectJDKLog [main] Initializing Spring embedded WebApplicationContext
2021-11-18 00:00:23,605 INFO org.springframework.boot.web.servlet.context.ServletWebServerApplicationContext [main] Root WebApplicationContext: initialization completed in 4258 ms
2021-11-18 00:00:24,169 INFO org.hibernate.jpa.internal.util.LogHelper [main] HHH000204: Processing PersistenceUnitInfo [name: default]
2021-11-18 00:00:24,230 INFO org.hibernate.Version [main] HHH000412: Hibernate ORM core version 5.4.32.Final
2021-11-18 00:00:24,357 INFO org.hibernate.annotations.common.reflection.java.JavaReflectionManager [main] HCANN000001: Hibernate Commons Annotations {5.1.2.Final}
2021-11-18 00:00:24,544 INFO com.zaxxer.hikari.HikariDataSource [main] HikariPool-1 - Starting...
2021-11-18 00:00:24,817 INFO com.zaxxer.hikari.HikariDataSource [main] HikariPool-1 - Start completed.
2021-11-18 00:00:24,834 INFO org.hibernate.dialect.Dialect [main] HHH000400: Using dialect: org.hibernate.dialect.MySQL5Dialect
2021-11-18 00:00:26,260 INFO org.hibernate.engine.transaction.jta.platform.internal.JtaPlatformInitiator [main] HHH000490: Using JtaPlatform implementation: [org.hibernate.engine.transaction.jta.platform.internal.NoJtaPlatform]
2021-11-18 00:00:26,269 INFO org.springframework.orm.jpa.AbstractEntityManagerFactoryBean [main] Initialized JPA EntityManagerFactory for persistence unit 'default'
2021-11-18 00:00:30,368 INFO org.springframework.boot.autoconfigure.web.servlet.WelcomePageHandlerMapping [main] Adding welcome page template: index
2021-11-18 00:00:30,900 INFO org.springframework.security.web.DefaultSecurityFilterChain [main] Will secure Ant [pattern='/admin'] with [org.springframework.security.web.context.request.async.WebAsyncManagerIntegrationFilter@59172d2, org.springframework.security.web.context.SecurityContextPersistenceFilter@8bd9d08, org.springframework.security.web.header.HeaderWriterFilter@41d8ac75, org.springframework.security.web.csrf.CsrfFilter@434a2a10, org.springframework.security.web.authentication.logout.LogoutFilter@493489dd, org.springframework.security.web.authentication.www.BasicAuthenticationFilter@4f63909f, org.springframework.security.web.savedrequest.RequestCacheAwareFilter@2eb0932c, org.springframework.security.web.servletapi.SecurityContextHolderAwareRequestFilter@1390a43a, org.springframework.security.web.authentication.AnonymousAuthenticationFilter@77d42ed7, org.springframework.security.web.access.ExceptionTranslationFilter@3d0ce151]
2021-11-18 00:00:30,944 INFO org.springframework.security.web.DefaultSecurityFilterChain [main] Will secure any request with [org.springframework.security.web.context.request.async.WebAsyncManagerIntegrationFilter@1188e08b, org.springframework.security.web.context.SecurityContextPersistenceFilter@21e15093, org.springframework.security.web.header.HeaderWriterFilter@20dc763b, org.springframework.security.web.authentication.logout.LogoutFilter@285ac29, org.springframework.security.web.authentication.UsernamePasswordAuthenticationFilter@68aa1164, org.springframework.security.web.savedrequest.RequestCacheAwareFilter@62cf873a, org.springframework.security.web.servletapi.SecurityContextHolderAwareRequestFilter@21b3d356, org.springframework.security.web.authentication.AnonymousAuthenticationFilter@12e13abd, org.springframework.security.web.session.SessionManagementFilter@4fe8e318, org.springframework.security.web.access.ExceptionTranslationFilter@1ece052b, org.springframework.security.web.access.intercept.FilterSecurityInterceptor@244c0fbe]
2021-11-18 00:00:31,021 INFO org.apache.juli.logging.DirectJDKLog [main] Starting ProtocolHandler ["http-nio-80"]
2021-11-18 00:00:31,075 INFO org.springframework.boot.web.embedded.tomcat.TomcatWebServer [main] Tomcat started on port(s): 80 (http) with context path ''
2021-11-18 00:00:31,090 INFO org.springframework.boot.StartupInfoLogger [main] Started Application in 12.492 seconds (JVM running for 14.37)
2021-11-18 00:00:31,514 INFO org.apache.juli.logging.DirectJDKLog [http-nio-80-exec-1] Initializing Spring DispatcherServlet 'dispatcherServlet'
2021-11-18 00:00:31,514 INFO org.springframework.web.servlet.FrameworkServlet [http-nio-80-exec-1] Initializing Servlet 'dispatcherServlet'
2021-11-18 00:00:31,516 INFO org.springframework.web.servlet.FrameworkServlet [http-nio-80-exec-1] Completed initialization in 1 ms
2021-11-18 00:00:33,302 INFO org.springframework.orm.jpa.AbstractEntityManagerFactoryBean [SpringApplicationShutdownHook] Closing JPA EntityManagerFactory for persistence unit 'default'
2021-11-18 00:00:33,304 INFO com.zaxxer.hikari.HikariDataSource [SpringApplicationShutdownHook] HikariPool-1 - Shutdown initiated...
2021-11-18 00:00:33,311 INFO com.zaxxer.hikari.HikariDataSource [SpringApplicationShutdownHook] HikariPool-1 - Shutdown completed.
2021-11-18 00:00:39,580 INFO org.hibernate.validator.internal.util.Version [background-preinit] HV000001: Hibernate Validator 6.2.0.Final
2021-11-18 00:00:39,585 INFO org.springframework.boot.StartupInfoLogger [main] Starting Application using Java 16.0.2 on DESKTOP-MME1U5F with PID 48848 (C:\Users\HP-Note\IdeaProjects\Spring-CRUD-MySQL-MVC-demo\target\classes started by HP-Note in C:\Users\HP-Note\IdeaProjects\Spring-CRUD-MySQL-MVC-demo)
2021-11-18 00:00:39,585 INFO org.springframework.boot.SpringApplication [main] No active profile set, falling back to default profiles: default
2021-11-18 00:00:40,293 INFO org.springframework.data.repository.config.RepositoryConfigurationDelegate [main] Bootstrapping Spring Data JPA repositories in DEFAULT mode.
2021-11-18 00:00:40,350 INFO org.springframework.data.repository.config.RepositoryConfigurationDelegate [main] Finished Spring Data repository scanning in 51 ms. Found 1 JPA repository interfaces.
2021-11-18 00:00:40,631 INFO org.springframework.context.support.PostProcessorRegistrationDelegate$BeanPostProcessorChecker [main] Bean 'org.springframework.security.access.expression.method.DefaultMethodSecurityExpressionHandler@58ba5b30' of type [org.springframework.security.access.expression.method.DefaultMethodSecurityExpressionHandler] is not eligible for getting processed by all BeanPostProcessors (for example: not eligible for auto-proxying)
2021-11-18 00:00:40,636 INFO org.springframework.context.support.PostProcessorRegistrationDelegate$BeanPostProcessorChecker [main] Bean 'methodSecurityMetadataSource' of type [org.springframework.security.access.method.DelegatingMethodSecurityMetadataSource] is not eligible for getting processed by all BeanPostProcessors (for example: not eligible for auto-proxying)
2021-11-18 00:00:40,824 INFO org.springframework.boot.web.embedded.tomcat.TomcatWebServer [main] Tomcat initialized with port(s): 80 (http)
2021-11-18 00:00:40,832 INFO org.apache.juli.logging.DirectJDKLog [main] Initializing ProtocolHandler ["http-nio-80"]
2021-11-18 00:00:40,832 INFO org.apache.juli.logging.DirectJDKLog [main] Starting service [Tomcat]
2021-11-18 00:00:40,832 INFO org.apache.juli.logging.DirectJDKLog [main] Starting Servlet engine: [Apache Tomcat/9.0.52]
2021-11-18 00:00:40,916 INFO org.apache.juli.logging.DirectJDKLog [main] Initializing Spring embedded WebApplicationContext
2021-11-18 00:00:40,917 INFO org.springframework.boot.web.servlet.context.ServletWebServerApplicationContext [main] Root WebApplicationContext: initialization completed in 1297 ms
2021-11-18 00:00:41,036 INFO org.hibernate.jpa.internal.util.LogHelper [main] HHH000204: Processing PersistenceUnitInfo [name: default]
2021-11-18 00:00:41,067 INFO org.hibernate.Version [main] HHH000412: Hibernate ORM core version 5.4.32.Final
2021-11-18 00:00:41,139 INFO org.hibernate.annotations.common.reflection.java.JavaReflectionManager [main] HCANN000001: Hibernate Commons Annotations {5.1.2.Final}
2021-11-18 00:00:41,201 INFO com.zaxxer.hikari.HikariDataSource [main] HikariPool-1 - Starting...
2021-11-18 00:00:41,304 INFO com.zaxxer.hikari.HikariDataSource [main] HikariPool-1 - Start completed.
2021-11-18 00:00:41,312 INFO org.hibernate.dialect.Dialect [main] HHH000400: Using dialect: org.hibernate.dialect.MySQL5Dialect
2021-11-18 00:00:41,974 INFO org.hibernate.engine.transaction.jta.platform.internal.JtaPlatformInitiator [main] HHH000490: Using JtaPlatform implementation: [org.hibernate.engine.transaction.jta.platform.internal.NoJtaPlatform]
2021-11-18 00:00:41,982 INFO org.springframework.orm.jpa.AbstractEntityManagerFactoryBean [main] Initialized JPA EntityManagerFactory for persistence unit 'default'
2021-11-18 00:00:44,892 INFO org.springframework.boot.autoconfigure.web.servlet.WelcomePageHandlerMapping [main] Adding welcome page template: index
2021-11-18 00:00:45,086 INFO org.springframework.security.web.DefaultSecurityFilterChain [main] Will secure Ant [pattern='/admin'] with [org.springframework.security.web.context.request.async.WebAsyncManagerIntegrationFilter@1067bc4c, org.springframework.security.web.context.SecurityContextPersistenceFilter@62cf873a, org.springframework.security.web.header.HeaderWriterFilter@679886ad, org.springframework.security.web.csrf.CsrfFilter@53202b06, org.springframework.security.web.authentication.logout.LogoutFilter@4fb42efa, org.springframework.security.web.authentication.www.BasicAuthenticationFilter@37f0fb02, org.springframework.security.web.savedrequest.RequestCacheAwareFilter@294b045b, org.springframework.security.web.servletapi.SecurityContextHolderAwareRequestFilter@70fe33fa, org.springframework.security.web.authentication.AnonymousAuthenticationFilter@69ee0861, org.springframework.security.web.access.ExceptionTranslationFilter@1a18e68a]
2021-11-18 00:00:45,102 INFO org.springframework.security.web.DefaultSecurityFilterChain [main] Will secure any request with [org.springframework.security.web.context.request.async.WebAsyncManagerIntegrationFilter@6b888692, org.springframework.security.web.context.SecurityContextPersistenceFilter@5694f6a0, org.springframework.security.web.header.HeaderWriterFilter@68aa1164, org.springframework.security.web.authentication.logout.LogoutFilter@52a8f789, org.springframework.security.web.authentication.UsernamePasswordAuthenticationFilter@1e65c4d, org.springframework.security.web.savedrequest.RequestCacheAwareFilter@6e0dec27, org.springframework.security.web.servletapi.SecurityContextHolderAwareRequestFilter@3857c5d5, org.springframework.security.web.authentication.AnonymousAuthenticationFilter@6414eb98, org.springframework.security.web.session.SessionManagementFilter@12e13abd, org.springframework.security.web.access.ExceptionTranslationFilter@244c0fbe, org.springframework.security.web.access.intercept.FilterSecurityInterceptor@1f4fa465]
2021-11-18 00:00:45,137 INFO org.apache.juli.logging.DirectJDKLog [main] Starting ProtocolHandler ["http-nio-80"]
2021-11-18 00:00:45,167 INFO org.springframework.boot.web.embedded.tomcat.TomcatWebServer [main] Tomcat started on port(s): 80 (http) with context path ''
2021-11-18 00:00:45,176 INFO org.springframework.boot.StartupInfoLogger [main] Started Application in 5.944 seconds (JVM running for 6.373)
2021-11-18 00:00:45,471 INFO org.apache.juli.logging.DirectJDKLog [http-nio-80-exec-1] Initializing Spring DispatcherServlet 'dispatcherServlet'
2021-11-18 00:00:45,471 INFO org.springframework.web.servlet.FrameworkServlet [http-nio-80-exec-1] Initializing Servlet 'dispatcherServlet'
2021-11-18 00:00:45,473 INFO org.springframework.web.servlet.FrameworkServlet [http-nio-80-exec-1] Completed initialization in 1 ms
2021-11-18 00:00:46,630 INFO org.apache.juli.logging.DirectJDKLog [http-nio-80-exec-3] A cookie header was received [@2cb94fe1; BEARER=eyJhbGciOiJIUzI1NiJ9.eyJzdWIiOiIxIiwidXNlcm5hbWUiOiJBRE1JTiIsInJvbGVzIjoiQURNSU4gVVNFUiIsImlhdCI6MTYzNzE3NTEzMCwiZXhwIjoxNjM3MTc1NzM0LCJpc3MiOiJ0b2tlbi1pc3N1ZXIiLCJhdWQiOiJwYXJ0bmVyX2lkIn0.uHJn5J2a0mMIv9Ka5-S2I5kd3hDoGgr9WxcZfXhvG2I; JSESSIONID=DF6D03582B243ED60326B58687E4A4B5; Token=eyJhbGciOiJIUzI1NiJ9.eyJzdWIiOiIxIiwidXNlcm5hbWUiOiJBRE1JTiIsInJvbGVzIjoiQURNSU4gVVNFUiIsImlhdCI6MTYzNzE4MjU1MywiZXhwIjoxNjM3MTgzMTU3LCJpc3MiOiJ0b2tlbi1pc3N1ZXIiLCJhdWQiOiJwYXJ0bmVyX2lkIn0.9o7Nok4KEIVHI4C7mNq5VdOa6bMUCwE96M7HU7jBmbc] that contained an invalid cookie. That cookie will be ignored.
 Note: further occurrences of this error will be logged at DEBUG level.
2021-11-18 00:00:46,700 ERROR org.apache.juli.logging.DirectJDKLog [http-nio-80-exec-3] Servlet.service() for servlet [dispatcherServlet] in context with path [] threw exception [Request processing failed; nested exception is java.lang.IllegalArgumentException: An invalid character [59] was present in the Cookie value] with root cause
java.lang.IllegalArgumentException: An invalid character [59] was present in the Cookie value
	at org.apache.tomcat.util.http.Rfc6265CookieProcessor.validateCookieValue(Rfc6265CookieProcessor.java:197)
	at org.apache.tomcat.util.http.Rfc6265CookieProcessor.generateHeader(Rfc6265CookieProcessor.java:123)
	at org.apache.catalina.connector.Response.generateCookieString(Response.java:1001)
	at org.apache.catalina.connector.Response.addCookie(Response.java:953)
	at org.apache.catalina.connector.ResponseFacade.addCookie(ResponseFacade.java:385)
	at javax.servlet.http.HttpServletResponseWrapper.addCookie(HttpServletResponseWrapper.java:60)
	at org.springframework.security.web.firewall.FirewalledResponse.addCookie(FirewalledResponse.java:72)
	at javax.servlet.http.HttpServletResponseWrapper.addCookie(HttpServletResponseWrapper.java:60)
	at javax.servlet.http.HttpServletResponseWrapper.addCookie(HttpServletResponseWrapper.java:60)
	at com.example.crud.controller.APIRestController.giveJWTToken(APIRestController.java:135)
	at com.example.crud.controller.APIRestController$$FastClassBySpringCGLIB$$ee825a57.invoke(<generated>)
	at org.springframework.cglib.proxy.MethodProxy.invoke(MethodProxy.java:218)
	at org.springframework.aop.framework.CglibAopProxy$DynamicAdvisedInterceptor.intercept(CglibAopProxy.java:688)
	at com.example.crud.controller.APIRestController$$EnhancerBySpringCGLIB$$e9a069cc.giveJWTToken(<generated>)
	at java.base/jdk.internal.reflect.NativeMethodAccessorImpl.invoke0(Native Method)
	at java.base/jdk.internal.reflect.NativeMethodAccessorImpl.invoke(NativeMethodAccessorImpl.java:78)
	at java.base/jdk.internal.reflect.DelegatingMethodAccessorImpl.invoke(DelegatingMethodAccessorImpl.java:43)
	at java.base/java.lang.reflect.Method.invoke(Method.java:567)
	at org.springframework.web.method.support.InvocableHandlerMethod.doInvoke(InvocableHandlerMethod.java:197)
	at org.springframework.web.method.support.InvocableHandlerMethod.invokeForRequest(InvocableHandlerMethod.java:141)
	at org.springframework.web.servlet.mvc.method.annotation.ServletInvocableHandlerMethod.invokeAndHandle(ServletInvocableHandlerMethod.java:106)
	at org.springframework.web.servlet.mvc.method.annotation.RequestMappingHandlerAdapter.invokeHandlerMethod(RequestMappingHandlerAdapter.java:895)
	at org.springframework.web.servlet.mvc.method.annotation.RequestMappingHandlerAdapter.handleInternal(RequestMappingHandlerAdapter.java:808)
	at org.springframework.web.servlet.mvc.method.AbstractHandlerMethodAdapter.handle(AbstractHandlerMethodAdapter.java:87)
	at org.springframework.web.servlet.DispatcherServlet.doDispatch(DispatcherServlet.java:1064)
	at org.springframework.web.servlet.DispatcherServlet.doService(DispatcherServlet.java:963)
	at org.springframework.web.servlet.FrameworkServlet.processRequest(FrameworkServlet.java:1006)
	at org.springframework.web.servlet.FrameworkServlet.doGet(FrameworkServlet.java:898)
	at javax.servlet.http.HttpServlet.service(HttpServlet.java:655)
	at org.springframework.web.servlet.FrameworkServlet.service(FrameworkServlet.java:883)
	at javax.servlet.http.HttpServlet.service(HttpServlet.java:764)
	at org.apache.catalina.core.ApplicationFilterChain.internalDoFilter(ApplicationFilterChain.java:227)
	at org.apache.catalina.core.ApplicationFilterChain.doFilter(ApplicationFilterChain.java:162)
	at org.apache.tomcat.websocket.server.WsFilter.doFilter(WsFilter.java:53)
	at org.apache.catalina.core.ApplicationFilterChain.internalDoFilter(ApplicationFilterChain.java:189)
	at org.apache.catalina.core.ApplicationFilterChain.doFilter(ApplicationFilterChain.java:162)
	at org.springframework.security.web.FilterChainProxy$VirtualFilterChain.doFilter(FilterChainProxy.java:327)
	at org.springframework.security.web.access.intercept.FilterSecurityInterceptor.invoke(FilterSecurityInterceptor.java:115)
	at org.springframework.security.web.access.intercept.FilterSecurityInterceptor.doFilter(FilterSecurityInterceptor.java:81)
	at org.springframework.security.web.FilterChainProxy$VirtualFilterChain.doFilter(FilterChainProxy.java:336)
	at org.springframework.security.web.access.ExceptionTranslationFilter.doFilter(ExceptionTranslationFilter.java:121)
	at org.springframework.security.web.access.ExceptionTranslationFilter.doFilter(ExceptionTranslationFilter.java:115)
	at org.springframework.security.web.FilterChainProxy$VirtualFilterChain.doFilter(FilterChainProxy.java:336)
	at org.springframework.security.web.session.SessionManagementFilter.doFilter(SessionManagementFilter.java:126)
	at org.springframework.security.web.session.SessionManagementFilter.doFilter(SessionManagementFilter.java:81)
	at org.springframework.security.web.FilterChainProxy$VirtualFilterChain.doFilter(FilterChainProxy.java:336)
	at org.springframework.security.web.authentication.AnonymousAuthenticationFilter.doFilter(AnonymousAuthenticationFilter.java:105)
	at org.springframework.security.web.FilterChainProxy$VirtualFilterChain.doFilter(FilterChainProxy.java:336)
	at org.springframework.security.web.servletapi.SecurityContextHolderAwareRequestFilter.doFilter(SecurityContextHolderAwareRequestFilter.java:149)
	at org.springframework.security.web.FilterChainProxy$VirtualFilterChain.doFilter(FilterChainProxy.java:336)
	at org.springframework.security.web.savedrequest.RequestCacheAwareFilter.doFilter(RequestCacheAwareFilter.java:63)
	at org.springframework.security.web.FilterChainProxy$VirtualFilterChain.doFilter(FilterChainProxy.java:336)
	at org.springframework.security.web.authentication.AbstractAuthenticationProcessingFilter.doFilter(AbstractAuthenticationProcessingFilter.java:218)
	at org.springframework.security.web.authentication.AbstractAuthenticationProcessingFilter.doFilter(AbstractAuthenticationProcessingFilter.java:212)
	at org.springframework.security.web.FilterChainProxy$VirtualFilterChain.doFilter(FilterChainProxy.java:336)
	at org.springframework.security.web.authentication.logout.LogoutFilter.doFilter(LogoutFilter.java:103)
	at org.springframework.security.web.authentication.logout.LogoutFilter.doFilter(LogoutFilter.java:89)
	at org.springframework.security.web.FilterChainProxy$VirtualFilterChain.doFilter(FilterChainProxy.java:336)
	at org.springframework.security.web.header.HeaderWriterFilter.doHeadersAfter(HeaderWriterFilter.java:90)
	at org.springframework.security.web.header.HeaderWriterFilter.doFilterInternal(HeaderWriterFilter.java:75)
	at org.springframework.web.filter.OncePerRequestFilter.doFilter(OncePerRequestFilter.java:119)
	at org.springframework.security.web.FilterChainProxy$VirtualFilterChain.doFilter(FilterChainProxy.java:336)
	at org.springframework.security.web.context.SecurityContextPersistenceFilter.doFilter(SecurityContextPersistenceFilter.java:110)
	at org.springframework.security.web.context.SecurityContextPersistenceFilter.doFilter(SecurityContextPersistenceFilter.java:80)
	at org.springframework.security.web.FilterChainProxy$VirtualFilterChain.doFilter(FilterChainProxy.java:336)
	at org.springframework.security.web.context.request.async.WebAsyncManagerIntegrationFilter.doFilterInternal(WebAsyncManagerIntegrationFilter.java:55)
	at org.springframework.web.filter.OncePerRequestFilter.doFilter(OncePerRequestFilter.java:119)
	at org.springframework.security.web.FilterChainProxy$VirtualFilterChain.doFilter(FilterChainProxy.java:336)
	at org.springframework.security.web.FilterChainProxy.doFilterInternal(FilterChainProxy.java:211)
	at org.springframework.security.web.FilterChainProxy.doFilter(FilterChainProxy.java:183)
	at org.springframework.web.filter.DelegatingFilterProxy.invokeDelegate(DelegatingFilterProxy.java:358)
	at org.springframework.web.filter.DelegatingFilterProxy.doFilter(DelegatingFilterProxy.java:271)
	at org.apache.catalina.core.ApplicationFilterChain.internalDoFilter(ApplicationFilterChain.java:189)
	at org.apache.catalina.core.ApplicationFilterChain.doFilter(ApplicationFilterChain.java:162)
	at org.springframework.web.filter.RequestContextFilter.doFilterInternal(RequestContextFilter.java:100)
	at org.springframework.web.filter.OncePerRequestFilter.doFilter(OncePerRequestFilter.java:119)
	at org.apache.catalina.core.ApplicationFilterChain.internalDoFilter(ApplicationFilterChain.java:189)
	at org.apache.catalina.core.ApplicationFilterChain.doFilter(ApplicationFilterChain.java:162)
	at org.springframework.web.filter.FormContentFilter.doFilterInternal(FormContentFilter.java:93)
	at org.springframework.web.filter.OncePerRequestFilter.doFilter(OncePerRequestFilter.java:119)
	at org.apache.catalina.core.ApplicationFilterChain.internalDoFilter(ApplicationFilterChain.java:189)
	at org.apache.catalina.core.ApplicationFilterChain.doFilter(ApplicationFilterChain.java:162)
	at org.springframework.web.filter.HiddenHttpMethodFilter.doFilterInternal(HiddenHttpMethodFilter.java:94)
	at org.springframework.web.filter.OncePerRequestFilter.doFilter(OncePerRequestFilter.java:119)
	at org.apache.catalina.core.ApplicationFilterChain.internalDoFilter(ApplicationFilterChain.java:189)
	at org.apache.catalina.core.ApplicationFilterChain.doFilter(ApplicationFilterChain.java:162)
	at org.springframework.web.filter.CharacterEncodingFilter.doFilterInternal(CharacterEncodingFilter.java:201)
	at org.springframework.web.filter.OncePerRequestFilter.doFilter(OncePerRequestFilter.java:119)
	at org.apache.catalina.core.ApplicationFilterChain.internalDoFilter(ApplicationFilterChain.java:189)
	at org.apache.catalina.core.ApplicationFilterChain.doFilter(ApplicationFilterChain.java:162)
	at org.apache.catalina.core.StandardWrapperValve.invoke(StandardWrapperValve.java:197)
	at org.apache.catalina.core.StandardContextValve.invoke(StandardContextValve.java:97)
	at org.apache.catalina.authenticator.AuthenticatorBase.invoke(AuthenticatorBase.java:542)
	at org.apache.catalina.core.StandardHostValve.invoke(StandardHostValve.java:135)
	at org.apache.catalina.valves.ErrorReportValve.invoke(ErrorReportValve.java:92)
	at org.apache.catalina.core.StandardEngineValve.invoke(StandardEngineValve.java:78)
	at org.apache.catalina.connector.CoyoteAdapter.service(CoyoteAdapter.java:357)
	at org.apache.coyote.http11.Http11Processor.service(Http11Processor.java:382)
	at org.apache.coyote.AbstractProcessorLight.process(AbstractProcessorLight.java:65)
	at org.apache.coyote.AbstractProtocol$ConnectionHandler.process(AbstractProtocol.java:893)
	at org.apache.tomcat.util.net.NioEndpoint$SocketProcessor.doRun(NioEndpoint.java:1726)
	at org.apache.tomcat.util.net.SocketProcessorBase.run(SocketProcessorBase.java:49)
	at org.apache.tomcat.util.threads.ThreadPoolExecutor.runWorker(ThreadPoolExecutor.java:1191)
	at org.apache.tomcat.util.threads.ThreadPoolExecutor$Worker.run(ThreadPoolExecutor.java:659)
	at org.apache.tomcat.util.threads.TaskThread$WrappingRunnable.run(TaskThread.java:61)
	at java.base/java.lang.Thread.run(Thread.java:831)
2021-11-18 00:03:25,485 INFO org.springframework.orm.jpa.AbstractEntityManagerFactoryBean [SpringApplicationShutdownHook] Closing JPA EntityManagerFactory for persistence unit 'default'
2021-11-18 00:03:25,488 INFO com.zaxxer.hikari.HikariDataSource [SpringApplicationShutdownHook] HikariPool-1 - Shutdown initiated...
2021-11-18 00:03:25,495 INFO com.zaxxer.hikari.HikariDataSource [SpringApplicationShutdownHook] HikariPool-1 - Shutdown completed.
2021-11-18 00:03:30,530 INFO org.hibernate.validator.internal.util.Version [background-preinit] HV000001: Hibernate Validator 6.2.0.Final
2021-11-18 00:03:30,533 INFO org.springframework.boot.StartupInfoLogger [main] Starting Application using Java 16.0.2 on DESKTOP-MME1U5F with PID 41884 (C:\Users\HP-Note\IdeaProjects\Spring-CRUD-MySQL-MVC-demo\target\classes started by HP-Note in C:\Users\HP-Note\IdeaProjects\Spring-CRUD-MySQL-MVC-demo)
2021-11-18 00:03:30,534 INFO org.springframework.boot.SpringApplication [main] No active profile set, falling back to default profiles: default
2021-11-18 00:03:31,061 INFO org.springframework.data.repository.config.RepositoryConfigurationDelegate [main] Bootstrapping Spring Data JPA repositories in DEFAULT mode.
2021-11-18 00:03:31,112 INFO org.springframework.data.repository.config.RepositoryConfigurationDelegate [main] Finished Spring Data repository scanning in 46 ms. Found 1 JPA repository interfaces.
2021-11-18 00:03:31,339 INFO org.springframework.context.support.PostProcessorRegistrationDelegate$BeanPostProcessorChecker [main] Bean 'org.springframework.security.access.expression.method.DefaultMethodSecurityExpressionHandler@10b1a751' of type [org.springframework.security.access.expression.method.DefaultMethodSecurityExpressionHandler] is not eligible for getting processed by all BeanPostProcessors (for example: not eligible for auto-proxying)
2021-11-18 00:03:31,343 INFO org.springframework.context.support.PostProcessorRegistrationDelegate$BeanPostProcessorChecker [main] Bean 'methodSecurityMetadataSource' of type [org.springframework.security.access.method.DelegatingMethodSecurityMetadataSource] is not eligible for getting processed by all BeanPostProcessors (for example: not eligible for auto-proxying)
2021-11-18 00:03:31,506 INFO org.springframework.boot.web.embedded.tomcat.TomcatWebServer [main] Tomcat initialized with port(s): 80 (http)
2021-11-18 00:03:31,512 INFO org.apache.juli.logging.DirectJDKLog [main] Initializing ProtocolHandler ["http-nio-80"]
2021-11-18 00:03:31,512 INFO org.apache.juli.logging.DirectJDKLog [main] Starting service [Tomcat]
2021-11-18 00:03:31,513 INFO org.apache.juli.logging.DirectJDKLog [main] Starting Servlet engine: [Apache Tomcat/9.0.52]
2021-11-18 00:03:31,582 INFO org.apache.juli.logging.DirectJDKLog [main] Initializing Spring embedded WebApplicationContext
2021-11-18 00:03:31,583 INFO org.springframework.boot.web.servlet.context.ServletWebServerApplicationContext [main] Root WebApplicationContext: initialization completed in 1018 ms
2021-11-18 00:03:31,689 INFO org.hibernate.jpa.internal.util.LogHelper [main] HHH000204: Processing PersistenceUnitInfo [name: default]
2021-11-18 00:03:31,715 INFO org.hibernate.Version [main] HHH000412: Hibernate ORM core version 5.4.32.Final
2021-11-18 00:03:31,779 INFO org.hibernate.annotations.common.reflection.java.JavaReflectionManager [main] HCANN000001: Hibernate Commons Annotations {5.1.2.Final}
2021-11-18 00:03:31,832 INFO com.zaxxer.hikari.HikariDataSource [main] HikariPool-1 - Starting...
2021-11-18 00:03:31,955 INFO com.zaxxer.hikari.HikariDataSource [main] HikariPool-1 - Start completed.
2021-11-18 00:03:31,963 INFO org.hibernate.dialect.Dialect [main] HHH000400: Using dialect: org.hibernate.dialect.MySQL5Dialect
2021-11-18 00:03:32,660 INFO org.hibernate.engine.transaction.jta.platform.internal.JtaPlatformInitiator [main] HHH000490: Using JtaPlatform implementation: [org.hibernate.engine.transaction.jta.platform.internal.NoJtaPlatform]
2021-11-18 00:03:32,665 INFO org.springframework.orm.jpa.AbstractEntityManagerFactoryBean [main] Initialized JPA EntityManagerFactory for persistence unit 'default'
2021-11-18 00:03:35,657 INFO org.springframework.boot.autoconfigure.web.servlet.WelcomePageHandlerMapping [main] Adding welcome page template: index
2021-11-18 00:03:35,855 INFO org.springframework.security.web.DefaultSecurityFilterChain [main] Will secure Ant [pattern='/admin'] with [org.springframework.security.web.context.request.async.WebAsyncManagerIntegrationFilter@7202009e, org.springframework.security.web.context.SecurityContextPersistenceFilter@6939f18a, org.springframework.security.web.header.HeaderWriterFilter@1b84d03d, org.springframework.security.web.csrf.CsrfFilter@19a4cdea, org.springframework.security.web.authentication.logout.LogoutFilter@46baac0d, org.springframework.security.web.authentication.www.BasicAuthenticationFilter@258291de, org.springframework.security.web.savedrequest.RequestCacheAwareFilter@189f3ccd, org.springframework.security.web.servletapi.SecurityContextHolderAwareRequestFilter@4f9e9c21, org.springframework.security.web.authentication.AnonymousAuthenticationFilter@133d0471, org.springframework.security.web.access.ExceptionTranslationFilter@491f3fb0]
2021-11-18 00:03:35,871 INFO org.springframework.security.web.DefaultSecurityFilterChain [main] Will secure any request with [org.springframework.security.web.context.request.async.WebAsyncManagerIntegrationFilter@52a8f789, org.springframework.security.web.context.SecurityContextPersistenceFilter@237b54bc, org.springframework.security.web.header.HeaderWriterFilter@294b045b, org.springframework.security.web.authentication.logout.LogoutFilter@70fe33fa, org.springframework.security.web.authentication.UsernamePasswordAuthenticationFilter@237824b0, org.springframework.security.web.savedrequest.RequestCacheAwareFilter@5263f554, org.springframework.security.web.servletapi.SecurityContextHolderAwareRequestFilter@7d28efd5, org.springframework.security.web.authentication.AnonymousAuthenticationFilter@5345552f, org.springframework.security.web.session.SessionManagementFilter@1ced1d14, org.springframework.security.web.access.ExceptionTranslationFilter@21b3d356, org.springframework.security.web.access.intercept.FilterSecurityInterceptor@3857c5d5]
2021-11-18 00:03:35,905 INFO org.apache.juli.logging.DirectJDKLog [main] Starting ProtocolHandler ["http-nio-80"]
2021-11-18 00:03:35,934 INFO org.springframework.boot.web.embedded.tomcat.TomcatWebServer [main] Tomcat started on port(s): 80 (http) with context path ''
2021-11-18 00:03:35,942 INFO org.springframework.boot.StartupInfoLogger [main] Started Application in 5.787 seconds (JVM running for 6.255)
2021-11-18 00:03:36,242 INFO org.apache.juli.logging.DirectJDKLog [http-nio-80-exec-1] Initializing Spring DispatcherServlet 'dispatcherServlet'
2021-11-18 00:03:36,243 INFO org.springframework.web.servlet.FrameworkServlet [http-nio-80-exec-1] Initializing Servlet 'dispatcherServlet'
2021-11-18 00:03:36,244 INFO org.springframework.web.servlet.FrameworkServlet [http-nio-80-exec-1] Completed initialization in 1 ms
2021-11-18 00:03:37,328 INFO org.apache.juli.logging.DirectJDKLog [http-nio-80-exec-3] A cookie header was received [@2cb94fe1; BEARER=eyJhbGciOiJIUzI1NiJ9.eyJzdWIiOiIxIiwidXNlcm5hbWUiOiJBRE1JTiIsInJvbGVzIjoiQURNSU4gVVNFUiIsImlhdCI6MTYzNzE3NTEzMCwiZXhwIjoxNjM3MTc1NzM0LCJpc3MiOiJ0b2tlbi1pc3N1ZXIiLCJhdWQiOiJwYXJ0bmVyX2lkIn0.uHJn5J2a0mMIv9Ka5-S2I5kd3hDoGgr9WxcZfXhvG2I; JSESSIONID=DF6D03582B243ED60326B58687E4A4B5; Token=eyJhbGciOiJIUzI1NiJ9.eyJzdWIiOiIxIiwidXNlcm5hbWUiOiJBRE1JTiIsInJvbGVzIjoiQURNSU4gVVNFUiIsImlhdCI6MTYzNzE4MjU1MywiZXhwIjoxNjM3MTgzMTU3LCJpc3MiOiJ0b2tlbi1pc3N1ZXIiLCJhdWQiOiJwYXJ0bmVyX2lkIn0.9o7Nok4KEIVHI4C7mNq5VdOa6bMUCwE96M7HU7jBmbc] that contained an invalid cookie. That cookie will be ignored.
 Note: further occurrences of this error will be logged at DEBUG level.
2021-11-18 00:06:24,302 INFO org.springframework.orm.jpa.AbstractEntityManagerFactoryBean [SpringApplicationShutdownHook] Closing JPA EntityManagerFactory for persistence unit 'default'
2021-11-18 00:06:24,304 INFO com.zaxxer.hikari.HikariDataSource [SpringApplicationShutdownHook] HikariPool-1 - Shutdown initiated...
2021-11-18 00:06:24,310 INFO com.zaxxer.hikari.HikariDataSource [SpringApplicationShutdownHook] HikariPool-1 - Shutdown completed.
